<?xml version="1.0" encoding="UTF-8"?>
<robot generator="Robot 3.1.1 (Python 3.7.7 on win32)" generated="20210520 23:38:47.122" rpa="false">
<suite id="s1" name="Tests" source="D:\PROJECTS\Carbonate\TestAutomation\RobotFramework\Tests">
<suite id="s1-s1" name="TC 02 ValidateCheckInFunctionality" source="D:\PROJECTS\Carbonate\TestAutomation\RobotFramework\Tests\TC_02_ValidateCheckInFunctionality.robot">
<kw name="Validate SetUp" library="common_resource" type="setup">
<kw name="Set Execution Directory" library="TestFixture">
<doc>Set execution root directory</doc>
<arguments>
<arg>${EXECDIR}</arg>
</arguments>
<status status="PASS" starttime="20210520 23:38:47.315" endtime="20210520 23:38:47.316"></status>
</kw>
<kw name="Log" library="BuiltIn">
<doc>Logs the given message with the given level.</doc>
<arguments>
<arg>${EXECDIR}</arg>
</arguments>
<msg timestamp="20210520 23:38:47.316" level="INFO">D:\PROJECTS\Carbonate\TestAutomation</msg>
<status status="PASS" starttime="20210520 23:38:47.316" endtime="20210520 23:38:47.316"></status>
</kw>
<kw name="Setup" library="TestFixture">
<arguments>
<arg>${BROWSER NAME}</arg>
</arguments>
<status status="PASS" starttime="20210520 23:38:47.316" endtime="20210520 23:38:48.566"></status>
</kw>
<kw name="Set Time Out Value" library="TestFixture">
<doc>Implementing set webdriver time out value functionality
:param value: time out value in seconds
:return:</doc>
<arguments>
<arg>${DEFAULT TIME OUT VALUE}</arg>
</arguments>
<status status="PASS" starttime="20210520 23:38:48.566" endtime="20210520 23:38:48.567"></status>
</kw>
<kw name="Goto" library="TestFixture">
<doc>Launching/Navigating System Under Test</doc>
<arguments>
<arg>${URL}</arg>
</arguments>
<status status="PASS" starttime="20210520 23:38:48.567" endtime="20210520 23:38:49.549"></status>
</kw>
<status status="PASS" starttime="20210520 23:38:47.315" endtime="20210520 23:38:49.549"></status>
</kw>
<test id="s1-s1-t1" name="Validate Search With Specific Keyword">
<kw name="Read Test Data From Excel Sheet" library="common_resource">
<arguments>
<arg>${TEST DATA FILE PATH}</arg>
<arg>${TEST DATA SHEET NAME}</arg>
</arguments>
<assign>
<var>${TEST DATA DICTIONARY}</var>
</assign>
<kw name="Read Test Data" library="excel_reader_writer">
<doc>Implementing returning test data for a test suit
:param file_path:
:param sheet_name:
:return: returning test data dictionary for a test suits</doc>
<arguments>
<arg>${TEST DATA FILE PATH}</arg>
<arg>${SHEET NAME}</arg>
</arguments>
<assign>
<var>${TEST DATA DICTIONARY}</var>
</assign>
<msg timestamp="20210520 23:38:49.560" level="INFO">${TEST DATA DICTIONARY} = {'KEYWORDS': 'TEST DATA', 'SEARCH KEYWORD': 'Bangladesh'}</msg>
<status status="PASS" starttime="20210520 23:38:49.551" endtime="20210520 23:38:49.560"></status>
</kw>
<kw name="Log" library="BuiltIn">
<doc>Logs the given message with the given level.</doc>
<arguments>
<arg>${TEST DATA DICTIONARY}</arg>
</arguments>
<msg timestamp="20210520 23:38:49.561" level="INFO">{'KEYWORDS': 'TEST DATA', 'SEARCH KEYWORD': 'Bangladesh'}</msg>
<status status="PASS" starttime="20210520 23:38:49.560" endtime="20210520 23:38:49.561"></status>
</kw>
<kw name="Return From Keyword" library="BuiltIn">
<doc>Returns from the enclosing user keyword.</doc>
<arguments>
<arg>${TEST DATA DICTIONARY}</arg>
</arguments>
<msg timestamp="20210520 23:38:49.562" level="INFO">Returning from the enclosing user keyword.</msg>
<status status="PASS" starttime="20210520 23:38:49.561" endtime="20210520 23:38:49.562"></status>
</kw>
<msg timestamp="20210520 23:38:49.562" level="INFO">${TEST DATA DICTIONARY} = {'KEYWORDS': 'TEST DATA', 'SEARCH KEYWORD': 'Bangladesh'}</msg>
<status status="PASS" starttime="20210520 23:38:49.550" endtime="20210520 23:38:49.562"></status>
</kw>
<kw name="Set Suite Variable" library="BuiltIn">
<doc>Makes a variable available everywhere within the scope of the current suite.</doc>
<arguments>
<arg>${TEST DATA DICTIONARY}</arg>
</arguments>
<msg timestamp="20210520 23:38:49.564" level="INFO">${TEST DATA DICTIONARY} = {'KEYWORDS': 'TEST DATA', 'SEARCH KEYWORD': 'Bangladesh'}</msg>
<status status="PASS" starttime="20210520 23:38:49.563" endtime="20210520 23:38:49.564"></status>
</kw>
<kw name="Get Test Data Value From Excel Sheet" library="common_resource">
<arguments>
<arg>${TEST DATA DICTIONARY}</arg>
<arg>SEARCH KEYWORD</arg>
</arguments>
<assign>
<var>${ATTENDANCE SUB MENU}</var>
</assign>
<kw name="Get From Dictionary" library="Collections">
<doc>Returns a value from the given ``dictionary`` based on the given ``key``.</doc>
<arguments>
<arg>${TEST DATA DICTIONARY}</arg>
<arg>${KEYWORD}</arg>
</arguments>
<assign>
<var>${RETRIEVED SPECIFIC VALUE FROM EXCEL}</var>
</assign>
<msg timestamp="20210520 23:38:49.566" level="INFO">${RETRIEVED SPECIFIC VALUE FROM EXCEL} = Bangladesh</msg>
<status status="PASS" starttime="20210520 23:38:49.565" endtime="20210520 23:38:49.566"></status>
</kw>
<kw name="Return From Keyword" library="BuiltIn">
<doc>Returns from the enclosing user keyword.</doc>
<arguments>
<arg>${RETRIEVED SPECIFIC VALUE FROM EXCEL}</arg>
</arguments>
<msg timestamp="20210520 23:38:49.566" level="INFO">Returning from the enclosing user keyword.</msg>
<status status="PASS" starttime="20210520 23:38:49.566" endtime="20210520 23:38:49.567"></status>
</kw>
<msg timestamp="20210520 23:38:49.567" level="INFO">${ATTENDANCE SUB MENU} = Bangladesh</msg>
<status status="PASS" starttime="20210520 23:38:49.564" endtime="20210520 23:38:49.567"></status>
</kw>
<kw name="Set Suite Variable" library="BuiltIn">
<doc>Makes a variable available everywhere within the scope of the current suite.</doc>
<arguments>
<arg>${ATTENDANCE SUB MENU}</arg>
</arguments>
<msg timestamp="20210520 23:38:49.568" level="INFO">${ATTENDANCE SUB MENU} = Bangladesh</msg>
<status status="PASS" starttime="20210520 23:38:49.567" endtime="20210520 23:38:49.568"></status>
</kw>
<kw name="Log" library="BuiltIn">
<doc>Logs the given message with the given level.</doc>
<arguments>
<arg>${ATTENDANCE SUB MENU}</arg>
</arguments>
<msg timestamp="20210520 23:38:49.569" level="INFO">Bangladesh</msg>
<status status="PASS" starttime="20210520 23:38:49.568" endtime="20210520 23:38:49.569"></status>
</kw>
<kw name="Verify Search With Specific Keyword" library="home_page_resource">
<arguments>
<arg>${ATTENDANCE SUB MENU}</arg>
</arguments>
<kw name="Search With Specific Keyword" library="Home">
<doc>Returning search with specific keyword
Implementing logging for search with specific keyword functionality
:param keyword:
:return: True/False</doc>
<arguments>
<arg>${KEYWORD}</arg>
</arguments>
<assign>
<var>${STATUS}</var>
</assign>
<msg timestamp="20210520 23:38:49.570" level="INFO">Start: search with specific keyword</msg>
<msg timestamp="20210520 23:38:49.801" level="INFO">End: search with specific keyword</msg>
<msg timestamp="20210520 23:38:49.801" level="INFO">${STATUS} = True</msg>
<status status="PASS" starttime="20210520 23:38:49.570" endtime="20210520 23:38:49.801"></status>
</kw>
<kw name="Should Be True" library="BuiltIn">
<doc>Fails if the given condition is not true.</doc>
<arguments>
<arg>${STATUS}</arg>
<arg>Unable to search ${KEYWORD} keyword</arg>
</arguments>
<status status="PASS" starttime="20210520 23:38:49.802" endtime="20210520 23:38:49.803"></status>
</kw>
<kw name="Run Keyword If" library="BuiltIn" type="teardown">
<doc>Runs the given keyword with the given arguments, if ``condition`` is true.</doc>
<arguments>
<arg>'${STATUS}'=='False'</arg>
<arg>Log Screenshot</arg>
</arguments>
<status status="PASS" starttime="20210520 23:38:49.803" endtime="20210520 23:38:49.804"></status>
</kw>
<status status="PASS" starttime="20210520 23:38:49.569" endtime="20210520 23:38:49.804"></status>
</kw>
<tags>
<tag>REGRESSION</tag>
</tags>
<status status="PASS" starttime="20210520 23:38:49.549" endtime="20210520 23:38:49.804" critical="yes"></status>
</test>
<kw name="Validate Suite Teardown" library="common_resource" type="teardown">
<kw name="Teardown" library="TestFixture">
<doc>Closing browser instance</doc>
<status status="PASS" starttime="20210520 23:38:49.807" endtime="20210520 23:38:51.995"></status>
</kw>
<status status="PASS" starttime="20210520 23:38:49.806" endtime="20210520 23:38:51.995"></status>
</kw>
<doc>Test that the user is able to search the keyword properly</doc>
<status status="PASS" starttime="20210520 23:38:47.162" endtime="20210520 23:38:51.995"></status>
</suite>
<status status="PASS" starttime="20210520 23:38:47.124" endtime="20210520 23:38:51.998"></status>
</suite>
<statistics>
<total>
<stat pass="1" fail="0">Critical Tests</stat>
<stat pass="1" fail="0">All Tests</stat>
</total>
<tag>
<stat pass="1" fail="0">REGRESSION</stat>
</tag>
<suite>
<stat pass="1" fail="0" id="s1" name="Tests">Tests</stat>
<stat pass="1" fail="0" id="s1-s1" name="TC 02 ValidateCheckInFunctionality">Tests.TC 02 ValidateCheckInFunctionality</stat>
</suite>
</statistics>
<errors>
</errors>
</robot>
